f:\templateproject\vs\project\debug\vc143.pdb
f:\templateproject\vs\project\debug\vc143.idb
f:\templateproject\vs\project\debug\lesson09.obj
f:\templateproject\vs\project\debug\lesson08.obj
f:\templateproject\vs\project\debug\lesson07.obj
f:\templateproject\vs\project\debug\lesson06.obj
f:\templateproject\vs\project\debug\lesson05.obj
f:\templateproject\vs\project\debug\lesson04.obj
f:\templateproject\vs\project\debug\lesson03.obj
f:\templateproject\vs\project\debug\lesson02.obj
f:\templateproject\vs\project\debug\lesson01.obj
f:\templateproject\vs\project\debug\input.obj
f:\templateproject\vs\project\debug\ingamescreen.obj
f:\templateproject\vs\project\debug\hero.obj
f:\templateproject\vs\project\debug\demo.obj
f:\templateproject\vs\project\debug\game.obj
f:\templateproject\vs\project\debug\gai02.obj
f:\templateproject\vs\project\debug\gai01.obj
f:\templateproject\vs\project\debug\enemy.obj
f:\templateproject\vs\project\debug\character.obj
f:\templateproject\vs\project\debug\camera.obj
f:\templateproject\vs\project\debug\button.obj
f:\templateproject\vs\project\debug\gameobject.obj
f:\templateproject\vs\project\debug\texture.obj
f:\templateproject\vs\project\debug\text.obj
f:\templateproject\vs\project\debug\sprite.obj
f:\templateproject\vs\project\debug\sound.obj
f:\templateproject\vs\project\debug\shader.obj
f:\templateproject\vs\project\debug\setting.obj
f:\templateproject\vs\project\debug\screenmanager.obj
f:\templateproject\vs\project\debug\screen.obj
f:\templateproject\vs\project\debug\satcollision.obj
f:\templateproject\vs\project\debug\boundingbox.obj
f:\templateproject\vs\project\debug\music.obj
f:\templateproject\vs\project\debug\mainmenuscreen.obj
f:\templateproject\vs\project\debug\lesson09_bullet.obj
f:\templateproject\vs\project\debug\lesson08_rotation.obj
f:\templateproject\vs\project\debug\lesson07_gui.obj
f:\templateproject\vs\project\debug\lesson06_objectpool.obj
f:\templateproject\vs\project\debug\lesson05_input.obj
f:\templateproject\vs\project\debug\lesson04_movement.obj
f:\templateproject\vs\project\debug\lesson03_animation.obj
f:\templateproject\vs\project\debug\lesson02_lerp.obj
f:\templateproject\vs\project\debug\lesson01_bgcolor.obj
f:\templateproject\vs\project\debug\lesson10_platform.obj
f:\templateproject\vs\project\debug\launcher.obj
f:\templateproject\vs\project\debug\quad.obj
f:\templateproject\vs\project\debug\lessonai02_npcwave.obj
f:\templateproject\vs\project\debug\lessonai01_steeringbehaviors.obj
f:\templateproject\vs\project\debug\basecharacter.obj
f:\templateproject\vs\project\project_debug.exe
f:\templateproject\vs\project\project_debug.pdb
f:\templateproject\vs\project\debug\project_debug.ilk
d:\codes\templateproject-29-05-2024\templateproject\vs\project\debug\basecharacter.obj
d:\codes\templateproject-29-05-2024\templateproject\vs\project\debug\boundingbox.obj
d:\codes\templateproject-29-05-2024\templateproject\vs\project\debug\button.obj
d:\codes\templateproject-29-05-2024\templateproject\vs\project\debug\camera.obj
d:\codes\templateproject-29-05-2024\templateproject\vs\project\debug\character.obj
d:\codes\templateproject-29-05-2024\templateproject\vs\project\debug\demo.obj
d:\codes\templateproject-29-05-2024\templateproject\vs\project\debug\enemy.obj
d:\codes\templateproject-29-05-2024\templateproject\vs\project\debug\gai01.obj
d:\codes\templateproject-29-05-2024\templateproject\vs\project\debug\gai02.obj
d:\codes\templateproject-29-05-2024\templateproject\vs\project\debug\game.obj
d:\codes\templateproject-29-05-2024\templateproject\vs\project\debug\gameobject.obj
d:\codes\templateproject-29-05-2024\templateproject\vs\project\debug\hero.obj
d:\codes\templateproject-29-05-2024\templateproject\vs\project\debug\ingamescreen.obj
d:\codes\templateproject-29-05-2024\templateproject\vs\project\debug\input.obj
d:\codes\templateproject-29-05-2024\templateproject\vs\project\debug\launcher.obj
d:\codes\templateproject-29-05-2024\templateproject\vs\project\debug\lesson01.obj
d:\codes\templateproject-29-05-2024\templateproject\vs\project\debug\lesson01_bgcolor.obj
d:\codes\templateproject-29-05-2024\templateproject\vs\project\debug\lesson02.obj
d:\codes\templateproject-29-05-2024\templateproject\vs\project\debug\lesson02_lerp.obj
d:\codes\templateproject-29-05-2024\templateproject\vs\project\debug\lesson03.obj
d:\codes\templateproject-29-05-2024\templateproject\vs\project\debug\lesson03_animation.obj
d:\codes\templateproject-29-05-2024\templateproject\vs\project\debug\lesson04.obj
d:\codes\templateproject-29-05-2024\templateproject\vs\project\debug\lesson04_movement.obj
d:\codes\templateproject-29-05-2024\templateproject\vs\project\debug\lesson05.obj
d:\codes\templateproject-29-05-2024\templateproject\vs\project\debug\lesson05_input.obj
d:\codes\templateproject-29-05-2024\templateproject\vs\project\debug\lesson06.obj
d:\codes\templateproject-29-05-2024\templateproject\vs\project\debug\lesson06_objectpool.obj
d:\codes\templateproject-29-05-2024\templateproject\vs\project\debug\lesson07.obj
d:\codes\templateproject-29-05-2024\templateproject\vs\project\debug\lesson07_gui.obj
d:\codes\templateproject-29-05-2024\templateproject\vs\project\debug\lesson08.obj
d:\codes\templateproject-29-05-2024\templateproject\vs\project\debug\lesson08_rotation.obj
d:\codes\templateproject-29-05-2024\templateproject\vs\project\debug\lesson09.obj
d:\codes\templateproject-29-05-2024\templateproject\vs\project\debug\lesson09_bullet.obj
d:\codes\templateproject-29-05-2024\templateproject\vs\project\debug\lesson10_platform.obj
d:\codes\templateproject-29-05-2024\templateproject\vs\project\debug\lessonai01_steeringbehaviors.obj
d:\codes\templateproject-29-05-2024\templateproject\vs\project\debug\lessonai02_npcwave.obj
d:\codes\templateproject-29-05-2024\templateproject\vs\project\debug\mainmenuscreen.obj
d:\codes\templateproject-29-05-2024\templateproject\vs\project\debug\music.obj
d:\codes\templateproject-29-05-2024\templateproject\vs\project\debug\quad.obj
d:\codes\templateproject-29-05-2024\templateproject\vs\project\debug\satcollision.obj
d:\codes\templateproject-29-05-2024\templateproject\vs\project\debug\screen.obj
d:\codes\templateproject-29-05-2024\templateproject\vs\project\debug\screenmanager.obj
d:\codes\templateproject-29-05-2024\templateproject\vs\project\debug\setting.obj
d:\codes\templateproject-29-05-2024\templateproject\vs\project\debug\shader.obj
d:\codes\templateproject-29-05-2024\templateproject\vs\project\debug\sound.obj
d:\codes\templateproject-29-05-2024\templateproject\vs\project\debug\sprite.obj
d:\codes\templateproject-29-05-2024\templateproject\vs\project\debug\text.obj
d:\codes\templateproject-29-05-2024\templateproject\vs\project\debug\texture.obj
d:\codes\templateproject-29-05-2024\templateproject\vs\project\debug\project_debug.ilk
d:\codes\templateproject-29-05-2024\templateproject\vs\project\debug\vc143.idb
d:\codes\templateproject-29-05-2024\templateproject\vs\project\debug\vc143.pdb
d:\codes\templateproject-29-05-2024\templateproject\vs\\project\project_debug.pdb
d:\codes\templateproject-29-05-2024\templateproject\vs\project\project_debug.exe
d:\codes\templateproject-29-05-2024\templateproject\vs\project\debug\project.tlog\cl.command.1.tlog
d:\codes\templateproject-29-05-2024\templateproject\vs\project\debug\project.tlog\cl.items.tlog
d:\codes\templateproject-29-05-2024\templateproject\vs\project\debug\project.tlog\cl.read.1.tlog
d:\codes\templateproject-29-05-2024\templateproject\vs\project\debug\project.tlog\cl.write.1.tlog
d:\codes\templateproject-29-05-2024\templateproject\vs\project\debug\project.tlog\link.command.1.tlog
d:\codes\templateproject-29-05-2024\templateproject\vs\project\debug\project.tlog\link.read.1.tlog
d:\codes\templateproject-29-05-2024\templateproject\vs\project\debug\project.tlog\link.secondary.1.tlog
d:\codes\templateproject-29-05-2024\templateproject\vs\project\debug\project.tlog\link.write.1.tlog
