f:\templateproject\vs\project\release\vc143.pdb
f:\templateproject\vs\project\release\lesson08_rotation.obj
f:\templateproject\vs\project\release\lesson07_gui.obj
f:\templateproject\vs\project\release\lesson06_objectpool.obj
f:\templateproject\vs\project\release\lesson05_input.obj
f:\templateproject\vs\project\release\lesson04_movement.obj
f:\templateproject\vs\project\release\lesson03_animation.obj
f:\templateproject\vs\project\release\lesson02_lerp.obj
f:\templateproject\vs\project\release\lesson01_bgcolor.obj
f:\templateproject\vs\project\release\input.obj
f:\templateproject\vs\project\release\ingamescreen.obj
f:\templateproject\vs\project\release\hero.obj
f:\templateproject\vs\project\release\lesson10_platform.obj
f:\templateproject\vs\project\release\launcher.obj
f:\templateproject\vs\project\release\game.obj
f:\templateproject\vs\project\release\gai02.obj
f:\templateproject\vs\project\release\gai01.obj
f:\templateproject\vs\project\release\enemy.obj
f:\templateproject\vs\project\release\character.obj
f:\templateproject\vs\project\release\camera.obj
f:\templateproject\vs\project\release\button.obj
f:\templateproject\vs\project\release\gameobject.obj
f:\templateproject\vs\project\release\texture.obj
f:\templateproject\vs\project\release\text.obj
f:\templateproject\vs\project\release\sprite.obj
f:\templateproject\vs\project\release\sound.obj
f:\templateproject\vs\project\release\shader.obj
f:\templateproject\vs\project\release\setting.obj
f:\templateproject\vs\project\release\screenmanager.obj
f:\templateproject\vs\project\release\screen.obj
f:\templateproject\vs\project\release\satcollision.obj
f:\templateproject\vs\project\release\quad.obj
f:\templateproject\vs\project\release\boundingbox.obj
f:\templateproject\vs\project\release\music.obj
f:\templateproject\vs\project\release\mainmenuscreen.obj
f:\templateproject\vs\project\release\lesson09_bullet.obj
f:\templateproject\vs\project\project.exe
f:\templateproject\vs\project\project.pdb
f:\templateproject\vs\project\release\project.ipdb
f:\templateproject\vs\project\release\project.iobj
f:\templateproject\vs\\project\project.pdb
f:\templateproject\vs\project\release\project.tlog\cl.command.1.tlog
f:\templateproject\vs\project\release\project.tlog\cl.items.tlog
f:\templateproject\vs\project\release\project.tlog\cl.read.1.tlog
f:\templateproject\vs\project\release\project.tlog\cl.write.1.tlog
f:\templateproject\vs\project\release\project.tlog\link.command.1.tlog
f:\templateproject\vs\project\release\project.tlog\link.read.1.tlog
f:\templateproject\vs\project\release\project.tlog\link.secondary.1.tlog
f:\templateproject\vs\project\release\project.tlog\link.write.1.tlog
